# JRE version: OpenJDK Runtime Environment (8.0_242-b01) (build 1.8.0_242-release-1644-b01)
# Java VM: OpenJDK 64-Bit Server VM (25.242-b01 mixed mode windows-amd64 compressed oops)
Heap:
 PSYoungGen      total 252928K, used 54507K [0x00000000d5580000, 0x00000000e9300000, 0x0000000100000000)
  eden space 246272K, 22% used [0x00000000d5580000,0x00000000d8abaf08,0x00000000e4600000)
  from space 6656K, 0% used [0x00000000e5e80000,0x00000000e5e80000,0x00000000e6500000)
  to   space 25088K, 0% used [0x00000000e4600000,0x00000000e4600000,0x00000000e5e80000)
 ParOldGen       total 120320K, used 67001K [0x0000000080000000, 0x0000000087580000, 0x00000000d5580000)
  object space 120320K, 55% used [0x0000000080000000,0x000000008416e788,0x0000000087580000)
 Metaspace       used 80043K, capacity 83560K, committed 84480K, reserved 1122304K
  class space    used 10587K, capacity 11282K, committed 11520K, reserved 1048576K
GC Heap History (10 events):
Event: 165.239 GC heap before
{Heap before GC invocations=26 (full 3):
 PSYoungGen      total 240128K, used 230977K [0x00000000d5580000, 0x00000000e4b00000, 0x0000000100000000)
  eden space 229888K, 100% used [0x00000000d5580000,0x00000000e3600000,0x00000000e3600000)
  from space 10240K, 10% used [0x00000000e4100000,0x00000000e4210460,0x00000000e4b00000)
  to   space 10752K, 0% used [0x00000000e3600000,0x00000000e3600000,0x00000000e4080000)
 ParOldGen       total 68096K, used 25192K [0x0000000080000000, 0x0000000084280000, 0x00000000d5580000)
  object space 68096K, 36% used [0x0000000080000000,0x000000008189a320,0x0000000084280000)
 Metaspace       used 49812K, capacity 51734K, committed 51840K, reserved 1093632K
  class space    used 6349K, capacity 6734K, committed 6784K, reserved 1048576K
Event: 165.242 GC heap after
Heap after GC invocations=26 (full 3):
 PSYoungGen      total 240640K, used 1377K [0x00000000d5580000, 0x00000000e6900000, 0x0000000100000000)
  eden space 229888K, 0% used [0x00000000d5580000,0x00000000d5580000,0x00000000e3600000)
  from space 10752K, 12% used [0x00000000e3600000,0x00000000e3758590,0x00000000e4080000)
  to   space 10752K, 0% used [0x00000000e5e80000,0x00000000e5e80000,0x00000000e6900000)
 ParOldGen       total 68096K, used 25200K [0x0000000080000000, 0x0000000084280000, 0x00000000d5580000)
  object space 68096K, 37% used [0x0000000080000000,0x000000008189c320,0x0000000084280000)
 Metaspace       used 49812K, capacity 51734K, committed 51840K, reserved 1093632K
  class space    used 6349K, capacity 6734K, committed 6784K, reserved 1048576K
}
Event: 167.945 GC heap before
{Heap before GC invocations=27 (full 3):
 PSYoungGen      total 240640K, used 231265K [0x00000000d5580000, 0x00000000e6900000, 0x0000000100000000)
  eden space 229888K, 100% used [0x00000000d5580000,0x00000000e3600000,0x00000000e3600000)
  from space 10752K, 12% used [0x00000000e3600000,0x00000000e3758590,0x00000000e4080000)
  to   space 10752K, 0% used [0x00000000e5e80000,0x00000000e5e80000,0x00000000e6900000)
 ParOldGen       total 68096K, used 25200K [0x0000000080000000, 0x0000000084280000, 0x00000000d5580000)
  object space 68096K, 37% used [0x0000000080000000,0x000000008189c320,0x0000000084280000)
 Metaspace       used 52296K, capacity 54460K, committed 54528K, reserved 1097728K
  class space    used 6692K, capacity 7143K, committed 7168K, reserved 1048576K
Event: 167.950 GC heap after
Heap after GC invocations=27 (full 3):
 PSYoungGen      total 264192K, used 4306K [0x00000000d5580000, 0x00000000e6500000, 0x0000000100000000)
  eden space 257536K, 0% used [0x00000000d5580000,0x00000000d5580000,0x00000000e5100000)
  from space 6656K, 64% used [0x00000000e5e80000,0x00000000e62b4ba8,0x00000000e6500000)
  to   space 10240K, 0% used [0x00000000e5100000,0x00000000e5100000,0x00000000e5b00000)
 ParOldGen       total 68096K, used 25208K [0x0000000080000000, 0x0000000084280000, 0x00000000d5580000)
  object space 68096K, 37% used [0x0000000080000000,0x000000008189e320,0x0000000084280000)
 Metaspace       used 52296K, capacity 54460K, committed 54528K, reserved 1097728K
  class space    used 6692K, capacity 7143K, committed 7168K, reserved 1048576K
}
Event: 180.560 GC heap before
{Heap before GC invocations=28 (full 3):
 PSYoungGen      total 264192K, used 261842K [0x00000000d5580000, 0x00000000e6500000, 0x0000000100000000)
  eden space 257536K, 100% used [0x00000000d5580000,0x00000000e5100000,0x00000000e5100000)
  from space 6656K, 64% used [0x00000000e5e80000,0x00000000e62b4ba8,0x00000000e6500000)
  to   space 10240K, 0% used [0x00000000e5100000,0x00000000e5100000,0x00000000e5b00000)
 ParOldGen       total 68096K, used 25208K [0x0000000080000000, 0x0000000084280000, 0x00000000d5580000)
  object space 68096K, 37% used [0x0000000080000000,0x000000008189e320,0x0000000084280000)
 Metaspace       used 69736K, capacity 72518K, committed 72704K, reserved 1112064K
  class space    used 9134K, capacity 9678K, committed 9728K, reserved 1048576K
Event: 180.581 GC heap after
Heap after GC invocations=28 (full 3):
 PSYoungGen      total 267776K, used 10213K [0x00000000d5580000, 0x00000000e6500000, 0x0000000100000000)
  eden space 257536K, 0% used [0x00000000d5580000,0x00000000d5580000,0x00000000e5100000)
  from space 10240K, 99% used [0x00000000e5100000,0x00000000e5af9730,0x00000000e5b00000)
  to   space 6656K, 0% used [0x00000000e5e80000,0x00000000e5e80000,0x00000000e6500000)
 ParOldGen       total 68096K, used 42945K [0x0000000080000000, 0x0000000084280000, 0x00000000d5580000)
  object space 68096K, 63% used [0x0000000080000000,0x00000000829f06b0,0x0000000084280000)
 Metaspace       used 69736K, capacity 72518K, committed 72704K, reserved 1112064K
  class space    used 9134K, capacity 9678K, committed 9728K, reserved 1048576K
}
Event: 287.635 GC heap before
{Heap before GC invocations=29 (full 3):
 PSYoungGen      total 267776K, used 267749K [0x00000000d5580000, 0x00000000e6500000, 0x0000000100000000)
  eden space 257536K, 100% used [0x00000000d5580000,0x00000000e5100000,0x00000000e5100000)
  from space 10240K, 99% used [0x00000000e5100000,0x00000000e5af9730,0x00000000e5b00000)
  to   space 6656K, 0% used [0x00000000e5e80000,0x00000000e5e80000,0x00000000e6500000)
 ParOldGen       total 68096K, used 42945K [0x0000000080000000, 0x0000000084280000, 0x00000000d5580000)
  object space 68096K, 63% used [0x0000000080000000,0x00000000829f06b0,0x0000000084280000)
 Metaspace       used 79892K, capacity 83912K, committed 84096K, reserved 1122304K
  class space    used 10629K, capacity 11383K, committed 11392K, reserved 1048576K
Event: 287.808 GC heap after
Heap after GC invocations=29 (full 3):
 PSYoungGen      total 252928K, used 6644K [0x00000000d5580000, 0x00000000e9300000, 0x0000000100000000)
  eden space 246272K, 0% used [0x00000000d5580000,0x00000000d5580000,0x00000000e4600000)
  from space 6656K, 99% used [0x00000000e5e80000,0x00000000e64fd030,0x00000000e6500000)
  to   space 25088K, 0% used [0x00000000e4600000,0x00000000e4600000,0x00000000e5e80000)
 ParOldGen       total 68096K, used 63587K [0x0000000080000000, 0x0000000084280000, 0x00000000d5580000)
  object space 68096K, 93% used [0x0000000080000000,0x0000000083e18f90,0x0000000084280000)
 Metaspace       used 79892K, capacity 83912K, committed 84096K, reserved 1122304K
  class space    used 10629K, capacity 11383K, committed 11392K, reserved 1048576K
}
Event: 287.808 GC heap before
{Heap before GC invocations=30 (full 4):
 PSYoungGen      total 252928K, used 6644K [0x00000000d5580000, 0x00000000e9300000, 0x0000000100000000)
  eden space 246272K, 0% used [0x00000000d5580000,0x00000000d5580000,0x00000000e4600000)
  from space 6656K, 99% used [0x00000000e5e80000,0x00000000e64fd030,0x00000000e6500000)
  to   space 25088K, 0% used [0x00000000e4600000,0x00000000e4600000,0x00000000e5e80000)
 ParOldGen       total 68096K, used 63587K [0x0000000080000000, 0x0000000084280000, 0x00000000d5580000)
  object space 68096K, 93% used [0x0000000080000000,0x0000000083e18f90,0x0000000084280000)
 Metaspace       used 79892K, capacity 83912K, committed 84096K, reserved 1122304K
  class space    used 10629K, capacity 11383K, committed 11392K, reserved 1048576K
Event: 287.993 GC heap after
Heap after GC invocations=30 (full 4):
 PSYoungGen      total 252928K, used 0K [0x00000000d5580000, 0x00000000e9300000, 0x0000000100000000)
  eden space 246272K, 0% used [0x00000000d5580000,0x00000000d5580000,0x00000000e4600000)
  from space 6656K, 0% used [0x00000000e5e80000,0x00000000e5e80000,0x00000000e6500000)
  to   space 25088K, 0% used [0x00000000e4600000,0x00000000e4600000,0x00000000e5e80000)
 ParOldGen       total 120320K, used 67001K [0x0000000080000000, 0x0000000087580000, 0x00000000d5580000)
  object space 120320K, 55% used [0x0000000080000000,0x000000008416e788,0x0000000087580000)
 Metaspace       used 79606K, capacity 83104K, committed 84096K, reserved 1122304K
  class space    used 10536K, capacity 11226K, committed 11392K, reserved 1048576K
}

