# JRE version: OpenJDK Runtime Environment (8.0_242-b01) (build 1.8.0_242-release-1644-b01)
# Java VM: OpenJDK 64-Bit Server VM (25.242-b01 mixed mode windows-amd64 compressed oops)
Heap:
 PSYoungGen      total 326656K, used 187701K [0x00000000d5580000, 0x00000000f1200000, 0x0000000100000000)
  eden space 241664K, 72% used [0x00000000d5580000,0x00000000e000bac0,0x00000000e4180000)
  from space 84992K, 15% used [0x00000000e4180000,0x00000000e4e41b58,0x00000000e9480000)
  to   space 82944K, 0% used [0x00000000ec100000,0x00000000ec100000,0x00000000f1200000)
 ParOldGen       total 319488K, used 247843K [0x0000000080000000, 0x0000000093800000, 0x00000000d5580000)
  object space 319488K, 77% used [0x0000000080000000,0x000000008f208fe8,0x0000000093800000)
 Metaspace       used 100178K, capacity 105200K, committed 105368K, reserved 1140736K
  class space    used 12953K, capacity 13895K, committed 14000K, reserved 1048576K
GC Heap History (10 events):
Event: 578.545 GC heap before
{Heap before GC invocations=54 (full 6):
 PSYoungGen      total 264192K, used 240429K [0x00000000d5580000, 0x00000000e9e00000, 0x0000000100000000)
  eden space 213504K, 100% used [0x00000000d5580000,0x00000000e2600000,0x00000000e2600000)
  from space 50688K, 53% used [0x00000000e2600000,0x00000000e404b608,0x00000000e5780000)
  to   space 50688K, 0% used [0x00000000e6c80000,0x00000000e6c80000,0x00000000e9e00000)
 ParOldGen       total 209408K, used 113513K [0x0000000080000000, 0x000000008cc80000, 0x00000000d5580000)
  object space 209408K, 54% used [0x0000000080000000,0x0000000086eda5c0,0x000000008cc80000)
 Metaspace       used 99548K, capacity 104436K, committed 104600K, reserved 1140736K
  class space    used 12914K, capacity 13871K, committed 14000K, reserved 1048576K
Event: 588.351 GC heap after
Heap after GC invocations=54 (full 6):
 PSYoungGen      total 264192K, used 50656K [0x00000000d5580000, 0x00000000edf00000, 0x0000000100000000)
  eden space 213504K, 0% used [0x00000000d5580000,0x00000000d5580000,0x00000000e2600000)
  from space 50688K, 99% used [0x00000000e6c80000,0x00000000e9df8030,0x00000000e9e00000)
  to   space 72192K, 0% used [0x00000000e2600000,0x00000000e2600000,0x00000000e6c80000)
 ParOldGen       total 209408K, used 148973K [0x0000000080000000, 0x000000008cc80000, 0x00000000d5580000)
  object space 209408K, 71% used [0x0000000080000000,0x000000008917b758,0x000000008cc80000)
 Metaspace       used 99548K, capacity 104436K, committed 104600K, reserved 1140736K
  class space    used 12914K, capacity 13871K, committed 14000K, reserved 1048576K
}
Event: 590.035 GC heap before
{Heap before GC invocations=55 (full 6):
 PSYoungGen      total 264192K, used 264160K [0x00000000d5580000, 0x00000000edf00000, 0x0000000100000000)
  eden space 213504K, 100% used [0x00000000d5580000,0x00000000e2600000,0x00000000e2600000)
  from space 50688K, 99% used [0x00000000e6c80000,0x00000000e9df8030,0x00000000e9e00000)
  to   space 72192K, 0% used [0x00000000e2600000,0x00000000e2600000,0x00000000e6c80000)
 ParOldGen       total 209408K, used 148973K [0x0000000080000000, 0x000000008cc80000, 0x00000000d5580000)
  object space 209408K, 71% used [0x0000000080000000,0x000000008917b758,0x000000008cc80000)
 Metaspace       used 99614K, capacity 104530K, committed 104856K, reserved 1140736K
  class space    used 12918K, capacity 13878K, committed 14000K, reserved 1048576K
Event: 593.352 GC heap after
Heap after GC invocations=55 (full 6):
 PSYoungGen      total 285696K, used 31426K [0x00000000d5580000, 0x00000000ed880000, 0x0000000100000000)
  eden space 213504K, 0% used [0x00000000d5580000,0x00000000d5580000,0x00000000e2600000)
  from space 72192K, 43% used [0x00000000e2600000,0x00000000e44b0b30,0x00000000e6c80000)
  to   space 69632K, 0% used [0x00000000e9480000,0x00000000e9480000,0x00000000ed880000)
 ParOldGen       total 209408K, used 192959K [0x0000000080000000, 0x000000008cc80000, 0x00000000d5580000)
  object space 209408K, 92% used [0x0000000080000000,0x000000008bc6fff0,0x000000008cc80000)
 Metaspace       used 99614K, capacity 104530K, committed 104856K, reserved 1140736K
  class space    used 12918K, capacity 13878K, committed 14000K, reserved 1048576K
}
Event: 593.352 GC heap before
{Heap before GC invocations=56 (full 7):
 PSYoungGen      total 285696K, used 31426K [0x00000000d5580000, 0x00000000ed880000, 0x0000000100000000)
  eden space 213504K, 0% used [0x00000000d5580000,0x00000000d5580000,0x00000000e2600000)
  from space 72192K, 43% used [0x00000000e2600000,0x00000000e44b0b30,0x00000000e6c80000)
  to   space 69632K, 0% used [0x00000000e9480000,0x00000000e9480000,0x00000000ed880000)
 ParOldGen       total 209408K, used 192959K [0x0000000080000000, 0x000000008cc80000, 0x00000000d5580000)
  object space 209408K, 92% used [0x0000000080000000,0x000000008bc6fff0,0x000000008cc80000)
 Metaspace       used 99614K, capacity 104530K, committed 104856K, reserved 1140736K
  class space    used 12918K, capacity 13878K, committed 14000K, reserved 1048576K
Event: 594.350 GC heap after
Heap after GC invocations=56 (full 7):
 PSYoungGen      total 285696K, used 0K [0x00000000d5580000, 0x00000000ed880000, 0x0000000100000000)
  eden space 213504K, 0% used [0x00000000d5580000,0x00000000d5580000,0x00000000e2600000)
  from space 72192K, 0% used [0x00000000e2600000,0x00000000e2600000,0x00000000e6c80000)
  to   space 69632K, 0% used [0x00000000e9480000,0x00000000e9480000,0x00000000ed880000)
 ParOldGen       total 319488K, used 204544K [0x0000000080000000, 0x0000000093800000, 0x00000000d5580000)
  object space 319488K, 64% used [0x0000000080000000,0x000000008c7c0110,0x0000000093800000)
 Metaspace       used 99614K, capacity 104530K, committed 104856K, reserved 1140736K
  class space    used 12918K, capacity 13878K, committed 14000K, reserved 1048576K
}
Event: 597.863 GC heap before
{Heap before GC invocations=57 (full 7):
 PSYoungGen      total 285696K, used 213504K [0x00000000d5580000, 0x00000000ed880000, 0x0000000100000000)
  eden space 213504K, 100% used [0x00000000d5580000,0x00000000e2600000,0x00000000e2600000)
  from space 72192K, 0% used [0x00000000e2600000,0x00000000e2600000,0x00000000e6c80000)
  to   space 69632K, 0% used [0x00000000e9480000,0x00000000e9480000,0x00000000ed880000)
 ParOldGen       total 319488K, used 204544K [0x0000000080000000, 0x0000000093800000, 0x00000000d5580000)
  object space 319488K, 64% used [0x0000000080000000,0x000000008c7c0110,0x0000000093800000)
 Metaspace       used 99644K, capacity 104544K, committed 104856K, reserved 1140736K
  class space    used 12919K, capacity 13879K, committed 14000K, reserved 1048576K
Event: 597.995 GC heap after
Heap after GC invocations=57 (full 7):
 PSYoungGen      total 311296K, used 69602K [0x00000000d5580000, 0x00000000ef580000, 0x0000000100000000)
  eden space 241664K, 0% used [0x00000000d5580000,0x00000000d5580000,0x00000000e4180000)
  from space 69632K, 99% used [0x00000000e9480000,0x00000000ed878910,0x00000000ed880000)
  to   space 84992K, 0% used [0x00000000e4180000,0x00000000e4180000,0x00000000e9480000)
 ParOldGen       total 319488K, used 215411K [0x0000000080000000, 0x0000000093800000, 0x00000000d5580000)
  object space 319488K, 67% used [0x0000000080000000,0x000000008d25ccd8,0x0000000093800000)
 Metaspace       used 99644K, capacity 104544K, committed 104856K, reserved 1140736K
  class space    used 12919K, capacity 13879K, committed 14000K, reserved 1048576K
}
Event: 620.330 GC heap before
{Heap before GC invocations=58 (full 7):
 PSYoungGen      total 311296K, used 303133K [0x00000000d5580000, 0x00000000ef580000, 0x0000000100000000)
  eden space 241664K, 96% used [0x00000000d5580000,0x00000000e398ebd8,0x00000000e4180000)
  from space 69632K, 99% used [0x00000000e9480000,0x00000000ed878910,0x00000000ed880000)
  to   space 84992K, 0% used [0x00000000e4180000,0x00000000e4180000,0x00000000e9480000)
 ParOldGen       total 319488K, used 215411K [0x0000000080000000, 0x0000000093800000, 0x00000000d5580000)
  object space 319488K, 67% used [0x0000000080000000,0x000000008d25ccd8,0x0000000093800000)
 Metaspace       used 99857K, capacity 104870K, committed 105112K, reserved 1140736K
  class space    used 12934K, capacity 13886K, committed 14000K, reserved 1048576K
Event: 622.534 GC heap after
Heap after GC invocations=58 (full 7):
 PSYoungGen      total 326656K, used 13062K [0x00000000d5580000, 0x00000000f1200000, 0x0000000100000000)
  eden space 241664K, 0% used [0x00000000d5580000,0x00000000d5580000,0x00000000e4180000)
  from space 84992K, 15% used [0x00000000e4180000,0x00000000e4e41b58,0x00000000e9480000)
  to   space 82944K, 0% used [0x00000000ec100000,0x00000000ec100000,0x00000000f1200000)
 ParOldGen       total 319488K, used 247843K [0x0000000080000000, 0x0000000093800000, 0x00000000d5580000)
  object space 319488K, 77% used [0x0000000080000000,0x000000008f208fe8,0x0000000093800000)
 Metaspace       used 99857K, capacity 104870K, committed 105112K, reserved 1140736K
  class space    used 12934K, capacity 13886K, committed 14000K, reserved 1048576K
}

